<component name="libraryTable">
  <library name="junit-4.10">
    <CLASSES>
      <root url="jar://$MAVEN_REPOSITORY$/junit/junit/4.10/Junit-4.10.jar!/" />
    </CLASSES>
    <JAVADOC />
    <SOURCES />
  </library>
</component>